<?xml version="1.0" encoding="UTF-8"?>
<web-app version="3.1"
         xmlns="http://xmlns.jcp.org/xml/ns/javaee"
         xmlns:xsi="http://www.w3.org/2001/XMLSchema-instance"
         xsi:schemaLocation="http://xmlns.jcp.org/xml/ns/javaee http://xmlns.jcp.org/xml/ns/javaee/web-app_3_1.xsd">
    <env-entry>
        <env-entry-name>java:app/configuration/GraphTraversalUrl</env-entry-name>
        <env-entry-type>java.lang.String</env-entry-type>
        <env-entry-value>http://localhost:7001/cargo-tracker-test/rest/graph-traversal/shortest-path</env-entry-value>
    </env-entry>
    <data-source>
        <name>java:app/jdbc/CargoTrackerDatabase</name>
        <class-name>org.apache.derby.jdbc.EmbeddedDriver</class-name>
        <url>jdbc:derby:/tmp/cargo-tracker-database;create=true</url>
        <property>
            <name>weblogic.GlobalTransactionsProtocol</name>
            <value>EmulateTwoPhaseCommit</value>
        </property>
    </data-source>
</web-app>